<?xml version="1.0" encoding="UTF-8"?>
<!-- Generated by org.testng.reporters.JUnitReportReporter -->
<testsuite ignored="0" hostname="DESKTOP-BR3APVB" failures="0" tests="4" name="testcases.DashboardPageTests" time="79.715" errors="0" timestamp="29 May 2023 02:52:05 GMT" skipped="0">
  <testcase classname="testcases.DashboardPageTests" name="verifyMyActions" time="18.226"/>
  <testcase classname="testcases.DashboardPageTests" name="verifyTimeAtWork" time="19.833"/>
  <testcase classname="testcases.DashboardPageTests" name="verifyAssignLeave" time="20.743"/>
  <testcase classname="testcases.DashboardPageTests" name="verifyLeaveList" time="20.913"/>
</testsuite> <!-- testcases.DashboardPageTests -->
